<?xml version="1.0" encoding="UTF-8"?>
<!-- Generated by org.testng.reporters.JUnitReportReporter -->
<testsuite skipped="0" hostname="DESKTOP-C1BIHCF" name="demo.TestNGDemo" tests="2" failures="0" timestamp="13 сен 2018 11:26:58 GMT" time="18.541" errors="0">
  <testcase name="calcTest2" time="9.699" classname="demo.TestNGDemo"/>
  <testcase name="calcTest" time="8.842" classname="demo.TestNGDemo"/>
</testsuite> <!-- demo.TestNGDemo -->
