<?xml version="1.0" encoding="UTF-8"?>
<!-- Generated by org.testng.reporters.JUnitReportReporter -->
<testsuite skipped="0" hostname="DESKTOP-C1BIHCF" name="examples.Exercise1" tests="11" failures="0" timestamp="13 сен 2018 11:58:10 GMT" time="0.053" errors="0">
  <testcase name="checkStrings" time="0.001" classname="examples.Exercise1"/>
  <testcase name="checkStringsInvalid" time="0.001" classname="examples.Exercise1"/>
  <testcase name="checkStrings" time="0.025" classname="examples.Exercise1"/>
  <testcase name="checkStringsInvalid" time="0.004" classname="examples.Exercise1"/>
  <testcase name="checkStrings" time="0.003" classname="examples.Exercise1"/>
  <testcase name="checkStringsInvalid" time="0.002" classname="examples.Exercise1"/>
  <testcase name="checkStringsInvalid" time="0.002" classname="examples.Exercise1"/>
  <testcase name="checkStringsInvalid" time="0.009" classname="examples.Exercise1"/>
  <testcase name="checkStringsInvalid" time="0.001" classname="examples.Exercise1"/>
  <testcase name="checkStringsInvalid" time="0.004" classname="examples.Exercise1"/>
  <testcase name="checkStringsInvalid" time="0.001" classname="examples.Exercise1"/>
</testsuite> <!-- examples.Exercise1 -->
