<?xml version="1.0" encoding="UTF-8"?>
<!-- Generated by org.testng.reporters.JUnitReportReporter -->
<testsuite skipped="0" hostname="DESKTOP-C1BIHCF" name="demo.TestNGDataprovider" tests="3" failures="0" timestamp="13 сен 2018 11:35:35 GMT" time="48.247" errors="0">
  <testcase name="calcTest" time="11.693" classname="demo.TestNGDataprovider"/>
  <testcase name="calcTest" time="14.130" classname="demo.TestNGDataprovider"/>
  <testcase name="calcTest" time="22.424" classname="demo.TestNGDataprovider"/>
</testsuite> <!-- demo.TestNGDataprovider -->
