<?xml version="1.0" encoding="UTF-8"?>
<!-- Generated by org.testng.reporters.JUnitReportReporter -->
<testsuite skipped="0" hostname="DESKTOP-C1BIHCF" name="examples.Exercise3" tests="2" failures="0" timestamp="14 сен 2018 10:13:21 GMT" time="19.736" errors="0">
  <testcase name="linkTest" time="8.412" classname="examples.Exercise3"/>
  <testcase name="getLinks" time="11.324" classname="examples.Exercise3"/>
</testsuite> <!-- examples.Exercise3 -->
